Flutter crash report; please file at https://github.com/flutter/flutter/issues.

## command

flutter run --machine --target lib/main.dart -d c16ccb32 --track-widget-creation --start-paused

## exception

ArgumentError: Invalid argument(s): The source must not be null

```
#0      int.tryParse (dart:core-patch/integers_patch.dart:107:25)
#1      _AdbLogReader._start (package:flutter_tools/src/android/android_device.dart:1028:32)
<asynchronous suspension>
#2      _runGuarded (dart:async/stream_controller.dart:814:24)
#3      _BroadcastStreamController._subscribe (dart:async/broadcast_stream_controller.dart:215:7)
#4      _ControllerStream._createSubscription (dart:async/stream_controller.dart:827:19)
#5      _StreamImpl.listen (dart:async/stream_impl.dart:475:9)
#6      FlutterDevice.startEchoingDeviceLog (package:flutter_tools/src/resident_runner.dart:383:38)
#7      FlutterDevice.runHot (package:flutter_tools/src/resident_runner.dart:431:5)
<asynchronous suspension>
#8      HotRunner.run (package:flutter_tools/src/run_hot.dart:333:39)
#9      AppDomain.startApp.<anonymous closure> (package:flutter_tools/src/commands/daemon.dart:530:23)
#10     AppDomain.launch.<anonymous closure> (package:flutter_tools/src/commands/daemon.dart:592:26)
#11     AppContext.run.<anonymous closure> (package:flutter_tools/src/base/context.dart:150:29)
#12     _rootRun (dart:async/zone.dart:1126:13)
#13     _CustomZone.run (dart:async/zone.dart:1023:19)
#14     _runZoned (dart:async/zone.dart:1518:10)
#15     runZoned (dart:async/zone.dart:1465:12)
#16     AppContext.run (package:flutter_tools/src/base/context.dart:149:18)
#17     AppInstance._runInZone (package:flutter_tools/src/commands/daemon.dart:1032:20)
#18     AppDomain.launch (package:flutter_tools/src/commands/daemon.dart:590:15)
#19     AppDomain.startApp (package:flutter_tools/src/commands/daemon.dart:524:12)
<asynchronous suspension>
#20     RunCommand.runCommand (package:flutter_tools/src/commands/run.dart:396:38)
#21     FlutterCommand.verifyThenRunCommand (package:flutter_tools/src/runner/flutter_command.dart:638:18)
#22     _asyncThenWrapperHelper.<anonymous closure> (dart:async-patch/async_patch.dart:75:64)
#23     _rootRunUnary (dart:async/zone.dart:1134:38)
#24     _CustomZone.runUnary (dart:async/zone.dart:1031:19)
#25     _FutureListener.handleValue (dart:async/future_impl.dart:140:18)
#26     Future._propagateToListeners.handleValueCallback (dart:async/future_impl.dart:682:45)
#27     Future._propagateToListeners (dart:async/future_impl.dart:711:32)
#28     Future._completeWithValue (dart:async/future_impl.dart:526:5)
#29     _AsyncAwaitCompleter.complete (dart:async-patch/async_patch.dart:34:15)
#30     _completeOnAsyncReturn (dart:async-patch/async_patch.dart:293:13)
#31     RunCommand.usageValues (package:flutter_tools/src/commands/run.dart)
#32     _asyncThenWrapperHelper.<anonymous closure> (dart:async-patch/async_patch.dart:75:64)
#33     _rootRunUnary (dart:async/zone.dart:1134:38)
#34     _CustomZone.runUnary (dart:async/zone.dart:1031:19)
#35     _FutureListener.handleValue (dart:async/future_impl.dart:140:18)
#36     Future._propagateToListeners.handleValueCallback (dart:async/future_impl.dart:682:45)
#37     Future._propagateToListeners (dart:async/future_impl.dart:711:32)
#38     Future._completeWithValue (dart:async/future_impl.dart:526:5)
#39     _AsyncAwaitCompleter.complete (dart:async-patch/async_patch.dart:34:15)
#40     _completeOnAsyncReturn (dart:async-patch/async_patch.dart:293:13)
#41     AndroidDevice.isLocalEmulator (package:flutter_tools/src/android/android_device.dart)
#42     _asyncThenWrapperHelper.<anonymous closure> (dart:async-patch/async_patch.dart:75:64)
#43     _rootRunUnary (dart:async/zone.dart:1134:38)
#44     _CustomZone.runUnary (dart:async/zone.dart:1031:19)
#45     _FutureListener.handleValue (dart:async/future_impl.dart:140:18)
#46     Future._propagateToListeners.handleValueCallback (dart:async/future_impl.dart:682:45)
#47     Future._propagateToListeners (dart:async/future_impl.dart:711:32)
#48     Future._completeWithValue (dart:async/future_impl.dart:526:5)
#49     Future._asyncComplete.<anonymous closure> (dart:async/future_impl.dart:556:7)
#50     _rootRun (dart:async/zone.dart:1126:13)
#51     _CustomZone.run (dart:async/zone.dart:1023:19)
#52     _CustomZone.runGuarded (dart:async/zone.dart:925:7)
#53     _CustomZone.bindCallbackGuarded.<anonymous closure> (dart:async/zone.dart:965:23)
#54     _microtaskLoop (dart:async/schedule_microtask.dart:43:21)
#55     _startMicrotaskLoop (dart:async/schedule_microtask.dart:52:5)
#56     _runPendingImmediateCallback (dart:isolate-patch/isolate_patch.dart:118:13)
#57     _RawReceivePortImpl._handleMessage (dart:isolate-patch/isolate_patch.dart:169:5)
```

## flutter doctor

```
[✓] Flutter (Channel dev, v1.14.6, on Linux, locale en_IN)
    • Flutter version 1.14.6 at /home/topsecret/Desktop/Workspace/flutter
    • Framework revision fabeb2a16f (8 days ago), 2020-01-28 07:56:51 -0800
    • Engine revision c4229bfbba
    • Dart version 2.8.0 (build 2.8.0-dev.5.0 fc3af737c7)

[✓] Android toolchain - develop for Android devices (Android SDK version 29.0.2)
    • Android SDK at /home/topsecret/Android/Sdk
    • Android NDK location not configured (optional; useful for native profiling support)
    • Platform android-29, build-tools 29.0.2
    • Java binary at: /home/topsecret/Desktop/Workspace/android-studio/jre/bin/java
    • Java version OpenJDK Runtime Environment (build 1.8.0_202-release-1483-b49-5587405)
    • All Android licenses accepted.

[✓] Android Studio (version 3.5)
    • Android Studio at /home/topsecret/Desktop/Workspace/android-studio
    • Flutter plugin version 40.2.2
    • Dart plugin version 191.8593
    • Java version OpenJDK Runtime Environment (build 1.8.0_202-release-1483-b49-5587405)

[!] IntelliJ IDEA Ultimate Edition (version 2019.2)
    • IntelliJ at /home/topsecret/Documents/idea-IU-192.5728.98
    ✗ Flutter plugin not installed; this adds Flutter specific functionality.
    ✗ Dart plugin not installed; this adds Dart specific functionality.
    • For information about installing plugins, see
      https://flutter.dev/intellij-setup/#installing-the-plugins

[✓] VS Code (version 1.41.1)
    • VS Code at /usr/share/code
    • Flutter extension version 3.8.0

[✓] Connected device (2 available)
    • c16ccb32            • c16ccb32      • android-arm • Android null (API null)
    • AOSP on IA Emulator • emulator-5554 • android-x86 • Android 9 (API 28) (emulator)

! Doctor found issues in 1 category.
```
